This is pdfTeX, Version 3.1415926-1.40.9 (MiKTeX 2.7) (preloaded format=latex 2009.8.28)  30 AUG 2009 22:28
entering extended mode
**websae.tex
(websae.tex
LaTeX2e <2005/12/01>
Babel <v3.8l> and hyphenation patterns for english, dumylang, nohyphenation, ge
rman, ngerman, german-x-2008-06-18, ngerman-x-2008-06-18, spanish, french, load
ed.
File: mitsample.tex 2006/09/02 v1.42 
 Massachusetts Institute of Technology Sample Thesis
(mitthesis.cls
Document Class: mitthesis 2006/09/02 v1.42 
 Massachusetts Institute of Technology Thesis Class
(genthesis.cls
Document Class: genthesis 2006/09/02 v1.42 
 University of British Columbia Thesis Class
\hours=\count79
\minutes=\count80
\UBCT@oldtextwidth=\skip41
\UBCT@oldtextheight=\skip42
\UBCT@oldoddsidemargin=\skip43
\UBCT@oldevensidemargin=\skip44
\UBCT@oldtopmargin=\skip45
\UBCT@oldtopskip=\skip46
\UBCT@old@colht=\skip47
\UBCT@old@colroom=\skip48
\UBCT@oldvsize=\skip49
\UBCT@oldcolumnwidth=\skip50
\UBCT@oldhsize=\skip51
\UBCT@oldlinewidth=\skip52
\UBCT@oldparindent=\skip53
\UBCT@oldmarginparsep=\skip54
\UBCT@oldmarginparwidth=\skip55
\UBCT@oldparskip=\skip56
\partbetweenskip=\skip57
\chapterbeforeskip=\skip58
\chapterbetweenskip=\skip59
\chapterafterskip=\skip60
\sectionindent=\skip61
\sectionbeforeskip=\skip62
\sectionafterskip=\skip63
\subsectionindent=\skip64
\subsectionbeforeskip=\skip65
\subsectionafterskip=\skip66
\subsubsectionindent=\skip67
\subsubsectionbeforeskip=\skip68
\subsubsectionafterskip=\skip69
\paragraphindent=\skip70
\paragraphbeforeskip=\skip71
\paragraphafterskip=\skip72
\subparagraphindent=\skip73
\subparagraphbeforeskip=\skip74
\subparagraphafterskip=\skip75
("C:\COMPILERS\MiKTeX 2.7\tex\latex\base\bk12.clo"
File: bk12.clo 2005/09/16 v1.4f Standard LaTeX file (size option)
)
("C:\COMPILERS\MiKTeX 2.7\tex\latex\graphics\graphics.sty"
Package: graphics 2006/02/20 v1.0o Standard LaTeX Graphics (DPC,SPQR)

("C:\COMPILERS\MiKTeX 2.7\tex\latex\graphics\trig.sty"
Package: trig 1999/03/16 v1.09 sin cos tan (DPC)
)
("C:\COMPILERS\MiKTeX 2.7\tex\latex\00miktex\graphics.cfg"
File: graphics.cfg 2007/01/18 v1.5 graphics configuration of teTeX/TeXLive
)
Package graphics Info: Driver file: dvips.def on input line 90.

("C:\COMPILERS\MiKTeX 2.7\tex\latex\graphics\dvips.def"
File: dvips.def 1999/02/16 v3.0i Driver-dependant file (DPC,SPQR)
))
\headlinespace=\skip76
\titlemarginleft=\skip77
\titlemarginright=\skip78
\titlemargintop=\skip79
\titlemarginbottom=\skip80
\c@capitulo=\count81
\c@part=\count82
\c@chapter=\count83
\c@section=\count84
\c@subsection=\count85
\c@subsubsection=\count86
\c@paragraph=\count87
\c@subparagraph=\count88
\c@figure=\count89
\c@table=\count90
\abovecaptionskip=\skip81
\belowcaptionskip=\skip82
))
("C:\COMPILERS\MiKTeX 2.7\tex\latex\base\fontenc.sty"
Package: fontenc 2005/09/27 v1.99g Standard LaTeX package

("C:\COMPILERS\MiKTeX 2.7\tex\latex\base\t1enc.def"
File: t1enc.def 2005/09/27 v1.99g Standard LaTeX file
LaTeX Font Info:    Redeclaring font encoding T1 on input line 43.
))
("C:\COMPILERS\MiKTeX 2.7\tex\generic\babel\babel.sty"
Package: babel 2008/07/06 v3.8l The Babel package

*************************************
* Local config file bblopts.cfg used
*
("C:\COMPILERS\MiKTeX 2.7\tex\latex\00miktex\bblopts.cfg"
File: bblopts.cfg 2006/07/31 v1.0 MiKTeX 'babel' configuration
)
("C:\COMPILERS\MiKTeX 2.7\tex\generic\babel\spanish.ldf"
Language: spanish.ldf 2008/07/06 v5.0e Spanish support from the babel system

("C:\COMPILERS\MiKTeX 2.7\tex\generic\babel\babel.def"
File: babel.def 2008/07/06 v3.8l Babel common definitions
\babel@savecnt=\count91
\U@D=\dimen102
)
\es@datefmt=\count92
\es@quottoks=\toks14
\es@quotdepth=\count93
Package babel Info: Making " an active character on input line 490.
Package babel Info: Making . an active character on input line 583.
Package babel Info: Making < an active character on input line 628.
Package babel Info: Making > an active character on input line 628.
))
("C:\COMPILERS\MiKTeX 2.7\tex\latex\unicode\ucs.sty"
Package: ucs 2004/10/17 UCS: Unicode input support

("C:\COMPILERS\MiKTeX 2.7\tex\latex\unicode\data\uni-global.def"
File: uni-global.def 2004/10/17 UCS: Unicode global data
)
\uc@secondtry=\count94
\uc@combtoks=\toks15
\uc@combtoksb=\toks16
\uc@temptokena=\toks17
)
("C:\COMPILERS\MiKTeX 2.7\tex\latex\base\inputenc.sty"
Package: inputenc 2006/05/05 v1.1b Input encoding file
\inpenc@prehook=\toks18
\inpenc@posthook=\toks19

("C:\COMPILERS\MiKTeX 2.7\tex\latex\base\utf8.def"
File: utf8.def 2006/03/30 v1.1i UTF-8 support for inputenc
Now handling font encoding OML ...
... no UTF-8 mapping file for font encoding OML
Now handling font encoding T1 ...
... processing UTF-8 mapping file for font encodingT1

("C:\COMPILERS\MiKTeX 2.7\tex\latex\base\t1enc.dfu"
File: t1enc.dfu 2006/03/30 v1.1i UTF-8 support for inputenc
   defining Unicode char U+00A1 (decimal 161)
   defining Unicode char U+00A3 (decimal 163)
   defining Unicode char U+00AB (decimal 171)
   defining Unicode char U+00BB (decimal 187)
   defining Unicode char U+00BF (decimal 191)
   defining Unicode char U+00C0 (decimal 192)
   defining Unicode char U+00C1 (decimal 193)
   defining Unicode char U+00C2 (decimal 194)
   defining Unicode char U+00C3 (decimal 195)
   defining Unicode char U+00C4 (decimal 196)
   defining Unicode char U+00C5 (decimal 197)
   defining Unicode char U+00C6 (decimal 198)
   defining Unicode char U+00C7 (decimal 199)
   defining Unicode char U+00C8 (decimal 200)
   defining Unicode char U+00C9 (decimal 201)
   defining Unicode char U+00CA (decimal 202)
   defining Unicode char U+00CB (decimal 203)
   defining Unicode char U+00CC (decimal 204)
   defining Unicode char U+00CD (decimal 205)
   defining Unicode char U+00CE (decimal 206)
   defining Unicode char U+00CF (decimal 207)
   defining Unicode char U+00D0 (decimal 208)
   defining Unicode char U+00D1 (decimal 209)
   defining Unicode char U+00D2 (decimal 210)
   defining Unicode char U+00D3 (decimal 211)
   defining Unicode char U+00D4 (decimal 212)
   defining Unicode char U+00D5 (decimal 213)
   defining Unicode char U+00D6 (decimal 214)
   defining Unicode char U+00D8 (decimal 216)
   defining Unicode char U+00D9 (decimal 217)
   defining Unicode char U+00DA (decimal 218)
   defining Unicode char U+00DB (decimal 219)
   defining Unicode char U+00DC (decimal 220)
   defining Unicode char U+00DD (decimal 221)
   defining Unicode char U+00DE (decimal 222)
   defining Unicode char U+00DF (decimal 223)
   defining Unicode char U+00E0 (decimal 224)
   defining Unicode char U+00E1 (decimal 225)
   defining Unicode char U+00E2 (decimal 226)
   defining Unicode char U+00E3 (decimal 227)
   defining Unicode char U+00E4 (decimal 228)
   defining Unicode char U+00E5 (decimal 229)
   defining Unicode char U+00E6 (decimal 230)
   defining Unicode char U+00E7 (decimal 231)
   defining Unicode char U+00E8 (decimal 232)
   defining Unicode char U+00E9 (decimal 233)
   defining Unicode char U+00EA (decimal 234)
   defining Unicode char U+00EB (decimal 235)
   defining Unicode char U+00EC (decimal 236)
   defining Unicode char U+00ED (decimal 237)
   defining Unicode char U+00EE (decimal 238)
   defining Unicode char U+00EF (decimal 239)
   defining Unicode char U+00F0 (decimal 240)
   defining Unicode char U+00F1 (decimal 241)
   defining Unicode char U+00F2 (decimal 242)
   defining Unicode char U+00F3 (decimal 243)
   defining Unicode char U+00F4 (decimal 244)
   defining Unicode char U+00F5 (decimal 245)
   defining Unicode char U+00F6 (decimal 246)
   defining Unicode char U+00F8 (decimal 248)
   defining Unicode char U+00F9 (decimal 249)
   defining Unicode char U+00FA (decimal 250)
   defining Unicode char U+00FB (decimal 251)
   defining Unicode char U+00FC (decimal 252)
   defining Unicode char U+00FD (decimal 253)
   defining Unicode char U+00FE (decimal 254)
   defining Unicode char U+00FF (decimal 255)
   defining Unicode char U+0102 (decimal 258)
   defining Unicode char U+0103 (decimal 259)
   defining Unicode char U+0104 (decimal 260)
   defining Unicode char U+0105 (decimal 261)
   defining Unicode char U+0106 (decimal 262)
   defining Unicode char U+0107 (decimal 263)
   defining Unicode char U+010C (decimal 268)
   defining Unicode char U+010D (decimal 269)
   defining Unicode char U+010E (decimal 270)
   defining Unicode char U+010F (decimal 271)
   defining Unicode char U+0110 (decimal 272)
   defining Unicode char U+0111 (decimal 273)
   defining Unicode char U+0118 (decimal 280)
   defining Unicode char U+0119 (decimal 281)
   defining Unicode char U+011A (decimal 282)
   defining Unicode char U+011B (decimal 283)
   defining Unicode char U+011E (decimal 286)
   defining Unicode char U+011F (decimal 287)
   defining Unicode char U+0130 (decimal 304)
   defining Unicode char U+0131 (decimal 305)
   defining Unicode char U+0132 (decimal 306)
   defining Unicode char U+0133 (decimal 307)
   defining Unicode char U+0139 (decimal 313)
   defining Unicode char U+013A (decimal 314)
   defining Unicode char U+013D (decimal 317)
   defining Unicode char U+013E (decimal 318)
   defining Unicode char U+0141 (decimal 321)
   defining Unicode char U+0142 (decimal 322)
   defining Unicode char U+0143 (decimal 323)
   defining Unicode char U+0144 (decimal 324)
   defining Unicode char U+0147 (decimal 327)
   defining Unicode char U+0148 (decimal 328)
   defining Unicode char U+014A (decimal 330)
   defining Unicode char U+014B (decimal 331)
   defining Unicode char U+0150 (decimal 336)
   defining Unicode char U+0151 (decimal 337)
   defining Unicode char U+0152 (decimal 338)
   defining Unicode char U+0153 (decimal 339)
   defining Unicode char U+0154 (decimal 340)
   defining Unicode char U+0155 (decimal 341)
   defining Unicode char U+0158 (decimal 344)
   defining Unicode char U+0159 (decimal 345)
   defining Unicode char U+015A (decimal 346)
   defining Unicode char U+015B (decimal 347)
   defining Unicode char U+015E (decimal 350)
   defining Unicode char U+015F (decimal 351)
   defining Unicode char U+0160 (decimal 352)
   defining Unicode char U+0161 (decimal 353)
   defining Unicode char U+0162 (decimal 354)
   defining Unicode char U+0163 (decimal 355)
   defining Unicode char U+0164 (decimal 356)
   defining Unicode char U+0165 (decimal 357)
   defining Unicode char U+016E (decimal 366)
   defining Unicode char U+016F (decimal 367)
   defining Unicode char U+0170 (decimal 368)
   defining Unicode char U+0171 (decimal 369)
   defining Unicode char U+0178 (decimal 376)
   defining Unicode char U+0179 (decimal 377)
   defining Unicode char U+017A (decimal 378)
   defining Unicode char U+017B (decimal 379)
   defining Unicode char U+017C (decimal 380)
   defining Unicode char U+017D (decimal 381)
   defining Unicode char U+017E (decimal 382)
   defining Unicode char U+200C (decimal 8204)
   defining Unicode char U+2013 (decimal 8211)
   defining Unicode char U+2014 (decimal 8212)
   defining Unicode char U+2018 (decimal 8216)
   defining Unicode char U+2019 (decimal 8217)
   defining Unicode char U+201A (decimal 8218)
   defining Unicode char U+201C (decimal 8220)
   defining Unicode char U+201D (decimal 8221)
   defining Unicode char U+201E (decimal 8222)
   defining Unicode char U+2030 (decimal 8240)
   defining Unicode char U+2031 (decimal 8241)
   defining Unicode char U+2039 (decimal 8249)
   defining Unicode char U+203A (decimal 8250)
   defining Unicode char U+2423 (decimal 9251)
)
Now handling font encoding OT1 ...
... processing UTF-8 mapping file for font encodingOT1

("C:\COMPILERS\MiKTeX 2.7\tex\latex\base\ot1enc.dfu"
File: ot1enc.dfu 2006/03/30 v1.1i UTF-8 support for inputenc
   defining Unicode char U+00A1 (decimal 161)
   defining Unicode char U+00A3 (decimal 163)
   defining Unicode char U+00B8 (decimal 184)
   defining Unicode char U+00BF (decimal 191)
   defining Unicode char U+00C5 (decimal 197)
   defining Unicode char U+00C6 (decimal 198)
   defining Unicode char U+00D8 (decimal 216)
   defining Unicode char U+00DF (decimal 223)
   defining Unicode char U+00E6 (decimal 230)
   defining Unicode char U+00EC (decimal 236)
   defining Unicode char U+00ED (decimal 237)
   defining Unicode char U+00EE (decimal 238)
   defining Unicode char U+00EF (decimal 239)
   defining Unicode char U+00F8 (decimal 248)
   defining Unicode char U+0131 (decimal 305)
   defining Unicode char U+0141 (decimal 321)
   defining Unicode char U+0142 (decimal 322)
   defining Unicode char U+0152 (decimal 338)
   defining Unicode char U+0153 (decimal 339)
   defining Unicode char U+2013 (decimal 8211)
   defining Unicode char U+2014 (decimal 8212)
   defining Unicode char U+2018 (decimal 8216)
   defining Unicode char U+2019 (decimal 8217)
   defining Unicode char U+201C (decimal 8220)
   defining Unicode char U+201D (decimal 8221)
)
Now handling font encoding OMS ...
... processing UTF-8 mapping file for font encodingOMS

("C:\COMPILERS\MiKTeX 2.7\tex\latex\base\omsenc.dfu"
File: omsenc.dfu 2006/03/30 v1.1i UTF-8 support for inputenc
   defining Unicode char U+00A7 (decimal 167)
   defining Unicode char U+00B6 (decimal 182)
   defining Unicode char U+00B7 (decimal 183)
   defining Unicode char U+2020 (decimal 8224)
   defining Unicode char U+2021 (decimal 8225)
   defining Unicode char U+2022 (decimal 8226)
)
Now handling font encoding OMX ...
... no UTF-8 mapping file for font encoding OMX
Now handling font encoding U ...
... no UTF-8 mapping file for font encoding U
   defining Unicode char U+00A9 (decimal 169)
   defining Unicode char U+00AA (decimal 170)
   defining Unicode char U+00AE (decimal 174)
   defining Unicode char U+00BA (decimal 186)
   defining Unicode char U+02C6 (decimal 710)
   defining Unicode char U+02DC (decimal 732)
   defining Unicode char U+200C (decimal 8204)
   defining Unicode char U+2026 (decimal 8230)
   defining Unicode char U+2122 (decimal 8482)
   defining Unicode char U+2423 (decimal 9251)
))
("C:\COMPILERS\MiKTeX 2.7\tex\latex\setspace\setspace.sty"
Package: setspace 2000/12/01 6.7 Contributed and Supported LaTeX2e package

Package: `setspace' 6.7 <2000/12/01>
) ("C:\COMPILERS\MiKTeX 2.7\tex\latex\ltxmisc\ulem.sty"
\UL@box=\box26
\UL@hyphenbox=\box27
\UL@skip=\skip83
\UL@hook=\toks20
\UL@pe=\count95
\UL@pixel=\dimen103
\ULC@box=\box28
Package: ulem 2000/05/26
\ULdepth=\dimen104
)
("C:\COMPILERS\MiKTeX 2.7\tex\latex\tools\longtable.sty"
Package: longtable 2004/02/01 v4.11 Multi-page Table package (DPC)
\LTleft=\skip84
\LTright=\skip85
\LTpre=\skip86
\LTpost=\skip87
\LTchunksize=\count96
\LTcapwidth=\dimen105
\LT@head=\box29
\LT@firsthead=\box30
\LT@foot=\box31
\LT@lastfoot=\box32
\LT@cols=\count97
\LT@rows=\count98
\c@LT@tables=\count99
\c@LT@chunks=\count100
\LT@p@ftn=\toks21
)
("C:\COMPILERS\MiKTeX 2.7\tex\latex\natbib\natbib.sty"
Package: natbib 2009/07/16 8.31 (PWD, AO)
\bibhang=\skip88
\bibsep=\skip89
LaTeX Info: Redefining \cite on input line 694.
\c@NAT@ctr=\count101
)
("C:\COMPILERS\MiKTeX 2.7\tex\latex\graphics\graphicx.sty"
Package: graphicx 1999/02/16 v1.0f Enhanced LaTeX Graphics (DPC,SPQR)

("C:\COMPILERS\MiKTeX 2.7\tex\latex\graphics\keyval.sty"
Package: keyval 1999/03/16 v1.13 key=value parser (DPC)
\KV@toks@=\toks22
)
\Gin@req@height=\dimen106
\Gin@req@width=\dimen107
)
("C:\COMPILERS\MiKTeX 2.7\tex\latex\graphics\lscape.sty"
Package: lscape 2000/10/22 v3.01 Landscape Pages (DPC)
)
("C:\COMPILERS\MiKTeX 2.7\tex\latex\psfrag\psfrag.sty"
Package: psfrag 1998/04/11 v3.04 PSfrag (MCG)
\pfg@pcount=\count102
\pfg@scount=\count103
\pfg@temp=\write3
)
("C:\COMPILERS\MiKTeX 2.7\tex\latex\tools\afterpage.sty"
Package: afterpage 1995/10/27 v1.08 After-Page Package (DPC)
\AP@output=\toks23
\AP@partial=\box33
\AP@footins=\box34
)
("C:\COMPILERS\MiKTeX 2.7\tex\latex\hyperref\hyperref.sty"
Package: hyperref 2009/05/23 v6.78s Hypertext links for LaTeX

("C:\COMPILERS\MiKTeX 2.7\tex\generic\oberdiek\ifpdf.sty"
Package: ifpdf 2009/04/10 v2.0 Provides the ifpdf switch (HO)
Package ifpdf Info: pdfTeX in pdf mode not detected.
)
("C:\COMPILERS\MiKTeX 2.7\tex\generic\oberdiek\ifvtex.sty"
Package: ifvtex 2008/11/04 v1.4 Switches for detecting VTeX and its modes (HO)
Package ifvtex Info: VTeX not detected.
)
("C:\COMPILERS\MiKTeX 2.7\tex\latex\ifxetex\ifxetex.sty"
Package: ifxetex 2009/01/23 v0.5 Provides ifxetex conditional
)
("C:\COMPILERS\MiKTeX 2.7\tex\latex\oberdiek\hycolor.sty"
Package: hycolor 2008/09/08 v1.4 Code for color options of hyperref/bookmark (H
O)

("C:\COMPILERS\MiKTeX 2.7\tex\latex\oberdiek\xcolor-patch.sty"
Package: xcolor-patch 2008/09/08 xcolor patch
))
\@linkdim=\dimen108
\Hy@linkcounter=\count104
\Hy@pagecounter=\count105

("C:\COMPILERS\MiKTeX 2.7\tex\latex\hyperref\pd1enc.def"
File: pd1enc.def 2009/05/23 v6.78s Hyperref: PDFDocEncoding definition (HO)
Now handling font encoding PD1 ...
... no UTF-8 mapping file for font encoding PD1
)
("C:\COMPILERS\MiKTeX 2.7\tex\generic\oberdiek\etexcmds.sty"
Package: etexcmds 2007/12/12 v1.2 Prefix for e-TeX command names (HO)

("C:\COMPILERS\MiKTeX 2.7\tex\generic\oberdiek\infwarerr.sty"
Package: infwarerr 2007/09/09 v1.2 Providing info/warning/message (HO)
)
Package etexcmds Info: Could not find \expanded.
(etexcmds)             That can mean that you are not using pdfTeX 1.50 or
(etexcmds)             that some package has redefined \expanded.
(etexcmds)             In the latter case, load this package earlier.
)
("C:\COMPILERS\MiKTeX 2.7\tex\latex\00miktex\hyperref.cfg"
File: hyperref.cfg 2002/06/06 v1.2 hyperref configuration of TeXLive
)
("C:\COMPILERS\MiKTeX 2.7\tex\latex\oberdiek\kvoptions.sty"
Package: kvoptions 2009/07/17 v3.2 Keyval support for LaTeX options (HO)
)
Package hyperref Info: Hyper figures OFF on input line 2953.
Package hyperref Info: Link nesting OFF on input line 2958.
Package hyperref Info: Hyper index ON on input line 2961.
Package hyperref Info: Plain pages OFF on input line 2968.
Package hyperref Info: Backreferencing OFF on input line 2973.

Implicit mode ON; LaTeX internals redefined
Package hyperref Info: Bookmarks ON on input line 3163.
("C:\COMPILERS\MiKTeX 2.7\tex\latex\ltxmisc\url.sty"
\Urlmuskip=\muskip10
Package: url 2006/04/12  ver 3.3  Verb mode for urls, etc.
)
LaTeX Info: Redefining \url on input line 3400.

("C:\COMPILERS\MiKTeX 2.7\tex\generic\oberdiek\bitset.sty"
Package: bitset 2007/09/28 v1.0 Data type bit set (HO)

("C:\COMPILERS\MiKTeX 2.7\tex\generic\oberdiek\intcalc.sty"
Package: intcalc 2007/09/27 v1.1 Expandable integer calculations (HO)
)
("C:\COMPILERS\MiKTeX 2.7\tex\generic\oberdiek\bigintcalc.sty"
Package: bigintcalc 2007/11/11 v1.1 Expandable big integer calculations (HO)

("C:\COMPILERS\MiKTeX 2.7\tex\generic\oberdiek\pdftexcmds.sty"
Package: pdftexcmds 2009/04/10 v0.4 LuaTeX support for pdfTeX utility functions
 (HO)

("C:\COMPILERS\MiKTeX 2.7\tex\generic\oberdiek\ifluatex.sty"
Package: ifluatex 2009/04/17 v1.2 Provides the ifluatex switch (HO)
Package ifluatex Info: LuaTeX not detected.
)
Package pdftexcmds Info: LuaTeX not detected on input line 145.
)))
("C:\COMPILERS\MiKTeX 2.7\tex\generic\oberdiek\kvsetkeys.sty"
Package: kvsetkeys 2009/07/19 v1.4 Key value parser with default handler suppor
t (HO)
)
\Fld@menulength=\count106
\Field@Width=\dimen109
\Fld@charsize=\dimen110
\Field@toks=\toks24
Package hyperref Info: Hyper figures OFF on input line 4317.
Package hyperref Info: Link nesting OFF on input line 4322.
Package hyperref Info: Hyper index ON on input line 4325.
Package hyperref Info: backreferencing OFF on input line 4332.
Package hyperref Info: Link coloring OFF on input line 4337.
Package hyperref Info: Link coloring with OCG OFF on input line 4342.
Package hyperref Info: PDF/A mode OFF on input line 4347.

("C:\COMPILERS\MiKTeX 2.7\tex\generic\oberdiek\atbegshi.sty"
Package: atbegshi 2008/07/31 v1.9 At begin shipout hook (HO)
)
\Hy@abspage=\count107
\c@Item=\count108
\c@Hfootnote=\count109
)
*hyperref using driver hypertex*
("C:\COMPILERS\MiKTeX 2.7\tex\latex\hyperref\hypertex.def"
File: hypertex.def 2009/05/23 v6.78s Hyperref driver for HyperTeX specials
)
("C:\COMPILERS\MiKTeX 2.7\tex\latex\fancyhdr\fancyhdr.sty"
\fancy@headwidth=\skip90
\f@ncyO@elh=\skip91
\f@ncyO@erh=\skip92
\f@ncyO@olh=\skip93
\f@ncyO@orh=\skip94
\f@ncyO@elf=\skip95
\f@ncyO@erf=\skip96
\f@ncyO@olf=\skip97
\f@ncyO@orf=\skip98
)

LaTeX Warning: Unused global option(s):
    [msc,12pt,upper,appendixpart,appendixpage,oneside,logo,bold,norunningheader
s,tocupper,tocitalic].

(websae.aux (resumen.aux) (capitulo_01.aux) (capitulo_02.aux) (capitulo_03.aux

LaTeX Warning: Label `oet:evento' multiply defined.

) (capitulo_04.aux) (capitulo_05.aux) (conclusion.aux) (anexos.aux))
LaTeX Font Info:    Checking defaults for OML/cmm/m/it on input line 185.
LaTeX Font Info:    ... okay on input line 185.
LaTeX Font Info:    Checking defaults for T1/cmr/m/n on input line 185.
LaTeX Font Info:    ... okay on input line 185.
LaTeX Font Info:    Checking defaults for OT1/cmr/m/n on input line 185.
LaTeX Font Info:    ... okay on input line 185.
LaTeX Font Info:    Checking defaults for OMS/cmsy/m/n on input line 185.
LaTeX Font Info:    ... okay on input line 185.
LaTeX Font Info:    Checking defaults for OMX/cmex/m/n on input line 185.
LaTeX Font Info:    ... okay on input line 185.
LaTeX Font Info:    Checking defaults for U/cmr/m/n on input line 185.
LaTeX Font Info:    ... okay on input line 185.
LaTeX Font Info:    Checking defaults for PD1/pdf/m/n on input line 185.
LaTeX Font Info:    ... okay on input line 185.
LaTeX Font Info:    Try loading font information for T1+phv on input line 185.

("C:\COMPILERS\MiKTeX 2.7\tex\latex\psnfss\t1phv.fd"
File: t1phv.fd 2001/06/04 scalable font definitions for T1/phv.
)
\bibindent=\dimen111

("C:\COMPILERS\MiKTeX 2.7\tex\latex\unicode\ucsencs.def"
File: ucsencs.def 2003/11/29 Fixes to fontencodings LGR, T3
)

Package ucs Warning: ***************************
(ucs)                You seem to have loaded inputencoding utf8
(ucs)                (LaTeX kernel UTF-8) instead of utf8x (ucs.sty UTF-8).
(ucs)                Probably you are compiling a document written for a
(ucs)                pre-august-2004 ucs.sty.
(ucs)                ***************************
(ucs)                Please use \usepackage[utf8x]{inputenc} instead of
(ucs)                \usepackage[utf8]{inputenc}.
(ucs)                ***************************
(ucs)                If you should really want to use ucs.sty and kernel's
(ucs)                utf8.def together, use \usepackage[utf8x,utf8]{inputenc}
(ucs)                to disable compatibility mode
(ucs)                ***************************
(ucs)                Activating compatibility mode.
(ucs)                ***************************
(ucs)                 on input line 185.

("C:\COMPILERS\MiKTeX 2.7\tex\latex\unicode\utf8x.def"
File: utf8x.def 2004/10/17 UCS: Input encoding UTF-8
)
Package hyperref Info: Link coloring OFF on input line 185.

("C:\COMPILERS\MiKTeX 2.7\tex\latex\hyperref\nameref.sty"
Package: nameref 2007/05/29 v2.31 Cross-referencing by name of section

("C:\COMPILERS\MiKTeX 2.7\tex\latex\oberdiek\refcount.sty"
Package: refcount 2008/08/11 v3.1 Data extraction from references (HO)
)
\c@section@level=\count110
)
LaTeX Info: Redefining \ref on input line 185.
LaTeX Info: Redefining \pageref on input line 185.
\AtBeginShipoutBox=\box35
File: logo.eps Graphic file (type eps)
 <logo.eps>
LaTeX Font Info:    Font shape `T1/phv/bx/n' in size <17.28> not available
(Font)              Font shape `T1/phv/b/n' tried instead on input line 191.
LaTeX Font Info:    Font shape `T1/phv/bx/n' in size <14.4> not available
(Font)              Font shape `T1/phv/b/n' tried instead on input line 191.
LaTeX Font Info:    Font shape `T1/phv/bx/n' in size <12> not available
(Font)              Font shape `T1/phv/b/n' tried instead on input line 191.
File: logo.eps Graphic file (type eps)

<logo.eps> [1


]
LaTeX Font Info:    Font shape `T1/phv/m/it' in size <12> not available
(Font)              Font shape `T1/phv/m/sl' tried instead on input line 192.

Overfull \vbox (5.70448pt too high) has occurred while \output is active []


[2



]
Overfull \vbox (5.70448pt too high) has occurred while \output is active []


[3


]
LaTeX Font Info:    External font `cmex10' loaded for size
(Font)              <12> on input line 194.
LaTeX Font Info:    External font `cmex10' loaded for size
(Font)              <8> on input line 194.
LaTeX Font Info:    External font `cmex10' loaded for size
(Font)              <6> on input line 194.

Overfull \vbox (5.70448pt too high) has occurred while \output is active []


[4


]
Overfull \vbox (5.70448pt too high) has occurred while \output is active []


[5


] (resumen.tex
LaTeX Font Info:    External font `cmex10' loaded for size
(Font)              <7> on input line 4.
LaTeX Font Info:    External font `cmex10' loaded for size
(Font)              <5> on input line 4.
LaTeX Font Info:    Try loading font information for T1+cmtt on input line 4.
 ("C:\COMPILERS\MiKTeX 2.7\tex\latex\base\t1cmtt.fd"
File: t1cmtt.fd 1999/05/25 v2.5h Standard LaTeX font definitions
)
Overfull \vbox (5.70448pt too high) has occurred while \output is active []


[6



]
Overfull \vbox (5.70448pt too high) has occurred while \output is active []


[7]) (websae.toc
Overfull \vbox (5.70448pt too high) has occurred while \output is active []


[8



])
\tf@toc=\write4

Overfull \vbox (5.70448pt too high) has occurred while \output is active []


[9] (websae.lof
Overfull \hbox (3.66956pt too wide) in paragraph at lines 5--5
 [][][] [][]\T1/phv/m/n/12 EDG - Sis-te-ma Web pa-ra la Ad-mi-nis-tra-ción de E
ven-tos Cien- 
 []


Overfull \hbox (6.44337pt too wide) detected at line 14
 \T1/phv/m/n/12 Gráfico 10. 
 []


Overfull \hbox (6.44337pt too wide) detected at line 15
 \T1/phv/m/n/12 Gráfico 11. 
 []


Overfull \hbox (6.44337pt too wide) detected at line 16
 \T1/phv/m/n/12 Gráfico 12. 
 []


Overfull \hbox (6.44337pt too wide) detected at line 17
 \T1/phv/m/n/12 Gráfico 13. 
 []


Overfull \hbox (6.44337pt too wide) detected at line 18
 \T1/phv/m/n/12 Gráfico 14. 
 []


Overfull \hbox (6.44337pt too wide) detected at line 19
 \T1/phv/m/n/12 Gráfico 15. 
 []

)
\tf@lof=\write5

Overfull \vbox (5.70448pt too high) has occurred while \output is active []


[10

] (websae.lot)
\tf@lot=\write6

Overfull \vbox (5.70448pt too high) has occurred while \output is active []


[11

] (capitulo_01.tex
LaTeX Font Info:    Font shape `T1/phv/bx/n' in size <24.88> not available
(Font)              Font shape `T1/phv/b/n' tried instead on input line 1.
 [1



])
Overfull \vbox (5.70448pt too high) has occurred while \output is active []


[2] (capitulo_02.tex [3



])
Overfull \vbox (5.70448pt too high) has occurred while \output is active []


[4] (capitulo_03.tex
Overfull \hbox (6.84999pt too wide) in paragraph at lines 9--10
[][]\T1/phv/m/n/12 Implementar re-que-ri-mien-tos adi-cio-na-les pe-di-dos por 
el Sub - Com-
 []

[5



]
LaTeX Font Info:    Try loading font information for OMS+phv on input line 11.
 ("C:\COMPILERS\MiKTeX 2.7\tex\latex\psnfss\omsphv.fd"
File: omsphv.fd 
)
LaTeX Font Info:    Font shape `OMS/phv/m/n' in size <12> not available
(Font)              Font shape `OMS/cmsy/m/n' tried instead on input line 11.

Overfull \vbox (5.70448pt too high) has occurred while \output is active []


[6]
Overfull \vbox (5.29643pt too high) has occurred while \output is active []


[7]
Overfull \vbox (5.70448pt too high) has occurred while \output is active []


[8]
Overfull \vbox (5.70448pt too high) has occurred while \output is active []


[9]
Overfull \vbox (5.70448pt too high) has occurred while \output is active []


[10]
File: images/merode-websae.eps Graphic file (type eps)
 <images/merode-websae.eps>
LaTeX Font Info:    Font shape `T1/phv/bx/n' in size <10> not available
(Font)              Font shape `T1/phv/b/n' tried instead on input line 65.


LaTeX Warning: Float too large for page by 20.25664pt on input line 67.


Overfull \vbox (5.70448pt too high) has occurred while \output is active []


[11]
Underfull \hbox (badness 1292) in paragraph at lines 99--100
[]\T1/phv/m/n/12 Objeto que asig-na las
 []


Underfull \hbox (badness 2990) in paragraph at lines 99--100
\T1/phv/m/n/12 op-cio-nes, de-pen-dien-do
 []

File: images/merode-mac.eps Graphic file (type eps)
<images/merode-mac.eps>
Overfull \vbox (5.70448pt too high) has occurred while \output is active []


[12


]
Overfull \vbox (5.70448pt too high) has occurred while \output is active []


[13]
Underfull \hbox (badness 10000) in paragraph at lines 140--141
[][]\T1/phv/m/n/12 Este ob-je-to sur-
 []


Underfull \hbox (badness 3568) in paragraph at lines 140--141
\T1/phv/m/n/12 gió de-bi-do a que
 []


Underfull \hbox (badness 4779) in paragraph at lines 140--141
\T1/phv/m/n/12 an-te-rior-men-te Car-
 []


Underfull \hbox (badness 10000) in paragraph at lines 140--141
\T1/phv/m/n/12 go de-pen-día de
 []


Underfull \hbox (badness 10000) in paragraph at lines 140--141
\T1/phv/m/n/12 ma-ne-ra di-rec-ta
 []


Underfull \hbox (badness 10000) in paragraph at lines 140--141
\T1/phv/m/n/12 de Ti-po_Empresa,
 []


Underfull \hbox (badness 3068) in paragraph at lines 140--141
\T1/phv/m/n/12 en la re-vi-sión del
 []


Underfull \hbox (badness 5359) in paragraph at lines 140--141
\T1/phv/m/n/12 di-se-ño se cam-bió
 []


Underfull \hbox (badness 3078) in paragraph at lines 140--141
\T1/phv/m/n/12 esa re-la-ción agre-
 []


Underfull \hbox (badness 10000) in paragraph at lines 140--141
\T1/phv/m/n/12 gan-do un ob-je-to,
 []


Underfull \hbox (badness 10000) in paragraph at lines 140--141
\T1/phv/m/n/12 de Em-pre-sa son
 []

File: images/merode-msu.eps Graphic file (type eps)
<images/merode-msu.eps>
Overfull \vbox (5.70448pt too high) has occurred while \output is active []


[14]
Overfull \vbox (5.70448pt too high) has occurred while \output is active []


[15]
Underfull \hbox (badness 5008) in paragraph at lines 190--191
\T1/phv/m/n/12 pre-sa, tam-bién se le
 []


Underfull \hbox (badness 10000) in paragraph at lines 192--192
[][]\T1/phv/m/n/12 AE_Categoria_
 []


Underfull \hbox (badness 10000) in paragraph at lines 194--194
[][]\T1/phv/m/n/12 AE_Subcategoria_
 []


Overfull \hbox (6.20547pt too wide) in paragraph at lines 194--194
[]\T1/phv/m/n/12 Subcategoria_Evento| 
 []


Underfull \hbox (badness 10000) in paragraph at lines 196--196
[][]\T1/phv/m/n/12 AE_Conferencista_
 []


Overfull \hbox (8.98969pt too wide) in paragraph at lines 196--196
[]\T1/phv/m/n/12 Conferencista_Evento| 
 []


Underfull \hbox (badness 3333) in paragraph at lines 196--197
\T1/phv/m/n/12 mu-chas ve-ces exis-ten
 []


Underfull \hbox (badness 2158) in paragraph at lines 196--197
\T1/phv/m/n/12 ria-men-te en-tran en el
 []


Underfull \hbox (badness 1924) in paragraph at lines 196--197
\T1/phv/m/n/12 pro-ce-so de eva-lua-ción
 []


Underfull \hbox (badness 10000) in paragraph at lines 198--198
[][]\T1/phv/m/n/12 AE_Conferencista_
 []


Underfull \hbox (badness 10000) in paragraph at lines 198--198
[]\T1/phv/m/n/12 AE_Conferencista_
 []


Overfull \vbox (5.70448pt too high) has occurred while \output is active []


[16]
Overfull \vbox (5.70448pt too high) has occurred while \output is active []


[17]
File: images/merode-mae.eps Graphic file (type eps)
 <images/merode-mae.eps>
Overfull \vbox (5.70448pt too high) has occurred while \output is active []


[18]
Overfull \vbox (5.70448pt too high) has occurred while \output is active []


[19


]
Overfull \vbox (5.70448pt too high) has occurred while \output is active []


[20]
File: images/merode-mce.eps Graphic file (type eps)
 <images/merode-mce.eps>
Overfull \vbox (5.70448pt too high) has occurred while \output is active []


[21]
File: images/oet-mac.eps Graphic file (type eps)
 <images/oet-mac.eps>
File: images/oet-msu.eps Graphic file (type eps)
 <images/oet-msu.eps>
File: images/oet-mae.eps Graphic file (type eps)
 <images/oet-mae.eps>

LaTeX Warning: Float too large for page by 7.9999pt on input line 416.

File: images/oet-mce.eps Graphic file (type eps)
<images/oet-mce.eps>

LaTeX Warning: Float too large for page by 15.458pt on input line 423.

File: images/estado-evento.eps Graphic file (type eps)
<images/estado-evento.eps>
File: images/estado-registro.eps Graphic file (type eps)
 <images/estado-registro.eps>
Overfull \vbox (5.70448pt too high) has occurred while \output is active []


[22


]
Overfull \vbox (5.70448pt too high) has occurred while \output is active []


[23]
Overfull \vbox (5.70448pt too high) has occurred while \output is active []


[24]
Overfull \vbox (5.70448pt too high) has occurred while \output is active []


[25]
Overfull \vbox (5.70448pt too high) has occurred while \output is active []


[26]
Overfull \vbox (5.70448pt too high) has occurred while \output is active []


[27]
Overfull \vbox (5.70448pt too high) has occurred while \output is active []


[28]
File: images/uml-mac.eps Graphic file (type eps)
 <images/uml-mac.eps>
Overfull \vbox (5.70448pt too high) has occurred while \output is active []


[29]
File: images/uml-msu.eps Graphic file (type eps)
 <images/uml-msu.eps>
Overfull \vbox (5.70448pt too high) has occurred while \output is active []


[30]
File: images/uml-mae.eps Graphic file (type eps)
 <images/uml-mae.eps>
Overfull \vbox (5.70448pt too high) has occurred while \output is active []


[31]
File: images/uml-mce.eps Graphic file (type eps)
 <images/uml-mce.eps>

LaTeX Warning: Float too large for page by 30.40002pt on input line 483.


Overfull \vbox (5.70448pt too high) has occurred while \output is active []


[32]
Underfull \hbox (badness 1675) in paragraph at lines 499--499
[][]\T1/phv/m/n/12 Director del Gru-po
 []


Underfull \hbox (badness 1331) in paragraph at lines 499--499
\T1/phv/m/n/12 In-ves-ti-ga-ción, en-car-ga-do de
 []


Underfull \hbox (badness 10000) in paragraph at lines 499--500
[]\T1/phv/m/n/12 Administrador Ge-
 []


Underfull \hbox (badness 10000) in paragraph at lines 501--501
[][]\T1/phv/m/n/12 Consejo Téc-ni-co
 []


Underfull \hbox (badness 10000) in paragraph at lines 505--506
[]\T1/phv/m/n/12 Administrador Ge-
 []


Underfull \hbox (badness 1997) in paragraph at lines 507--507
[]\T1/phv/m/n/12 Usuario vi-si-tan-te del Por-tal
 []


Overfull \hbox (13.46518pt too wide) in paragraph at lines 495--514
 [][] 
 []

)
Overfull \vbox (5.70448pt too high) has occurred while \output is active []


[33








]
Overfull \vbox (5.70448pt too high) has occurred while \output is active []


[34] (capitulo_04.tex
Overfull \hbox (0.68027pt too wide) in paragraph at lines 7--8
\T1/phv/b/n/12 App-Vlir8 \T1/phv/m/n/12 en dos pro-duc-tos, uno en la Ad-mi-nis
-tra-ción de Even-tos Cien-
 []

File: images/websaegi-arquitectura.eps Graphic file (type eps)
<images/websaegi-arquitectura.eps> [35



]
Overfull \vbox (5.70448pt too high) has occurred while \output is active []


[36]
Overfull \vbox (5.70448pt too high) has occurred while \output is active []


[37]
File: images/websae-arquitectura.eps Graphic file (type eps)
 <images/websae-arquitectura.eps>
Overfull \vbox (5.70448pt too high) has occurred while \output is active []


[38])
Overfull \vbox (5.70448pt too high) has occurred while \output is active []


[39


] (capitulo_05.tex [40



])
Overfull \vbox (5.70448pt too high) has occurred while \output is active []


[41] (conclusion.tex [42



])
Overfull \vbox (5.70448pt too high) has occurred while \output is active []


[43] (anexos.tex) (websae.bbl)
Overfull \vbox (5.70448pt too high) has occurred while \output is active []


[44



] (websae.aux (resumen.aux) (capitulo_01.aux) (capitulo_02.aux)
(capitulo_03.aux) (capitulo_04.aux) (capitulo_05.aux) (conclusion.aux)
(anexos.aux))

LaTeX Warning: There were multiply-defined labels.

 ) 
Here is how much of TeX's memory you used:
 6187 strings out of 95281
 82869 string characters out of 1182752
 173204 words of memory out of 1500000
 9227 multiletter control sequences out of 110000
 29675 words of font info for 39 fonts, out of 3000000 for 5000
 14 hyphenation exceptions out of 8191
 37i,17n,46p,949b,573s stack positions out of 5000i,500n,10000p,200000b,50000s

Output written on websae.dvi (55 pages, 86696 bytes).
